#
# There is insufficient memory for the Java Runtime Environment to continue.
# Native memory allocation (mmap) failed to map 266338304 bytes for G1 virtual space
# Possible reasons:
#   The system is out of physical RAM or swap space
#   The process is running with CompressedOops enabled, and the Java Heap may be blocking the growth of the native heap
# Possible solutions:
#   Reduce memory load on the system
#   Increase physical memory or swap space
#   Check if swap backing store is full
#   Decrease Java heap size (-Xmx/-Xms)
#   Decrease number of Java threads
#   Decrease Java thread stack sizes (-Xss)
#   Set larger code cache with -XX:ReservedCodeCacheSize=
#   JVM is running with Zero Based Compressed Oops mode in which the Java heap is
#     placed in the first 32GB address space. The Java Heap base address is the
#     maximum limit for the native heap growth. Please use -XX:HeapBaseMinAddress
#     to set the Java Heap base and to place the Java Heap above 32GB virtual address.
# This output file may be truncated or incomplete.
#
#  Out of Memory Error (os_windows.cpp:3552), pid=7416, tid=17560
#
# JRE version:  (17.0.9+11) (build )
# Java VM: Java HotSpot(TM) 64-Bit Server VM (17.0.9+11-LTS-201, mixed mode, emulated-client, sharing, tiered, compressed oops, compressed class ptrs, g1 gc, windows-amd64)
# No core dump will be written. Minidumps are not enabled by default on client versions of Windows
#

---------------  S U M M A R Y ------------

Command Line: -XX:TieredStopAtLevel=1 -Dspring.output.ansi.enabled=always -Dcom.sun.management.jmxremote -Dspring.jmx.enabled=true -Dspring.liveBeansView.mbeanDomain -Dspring.application.admin.enabled=true -Dmanagement.endpoints.jmx.exposure.include=* -javaagent:C:\Program Files\JetBrains\IntelliJ IDEA 2025.1.3\lib\idea_rt.jar=57233 -Dfile.encoding=UTF-8 com.ecommerce.configserver.ConfigServerApplication

Host: 11th Gen Intel(R) Core(TM) i5-1135G7 @ 2.40GHz, 8 cores, 15G,  Windows 11 , 64 bit Build 26100 (10.0.26100.5074)
Time: Thu Sep 25 12:00:10 2025 India Standard Time elapsed time: 0.034917 seconds (0d 0h 0m 0s)

---------------  T H R E A D  ---------------

Current thread (0x000001436c7f6cf0):  JavaThread "Unknown thread" [_thread_in_vm, id=17560, stack(0x000000372f200000,0x000000372f300000)]

Stack: [0x000000372f200000,0x000000372f300000]
Native frames: (J=compiled Java code, j=interpreted, Vv=VM code, C=native code)
V  [jvm.dll+0x678a4a]
V  [jvm.dll+0x7d9cfd]
V  [jvm.dll+0x7db60e]
V  [jvm.dll+0x7dbc73]
V  [jvm.dll+0x245e1f]
V  [jvm.dll+0x6758f9]
V  [jvm.dll+0x66a2a2]
V  [jvm.dll+0x303686]
V  [jvm.dll+0x30ac06]
V  [jvm.dll+0x35a48e]
V  [jvm.dll+0x35a6bf]
V  [jvm.dll+0x2da678]
V  [jvm.dll+0x2db5e4]
V  [jvm.dll+0x7ab6b1]
V  [jvm.dll+0x368041]
V  [jvm.dll+0x78a749]
V  [jvm.dll+0x3ebd4f]
V  [jvm.dll+0x3ed7d1]
C  [jli.dll+0x5297]
C  [ucrtbase.dll+0x37b0]
C  [KERNEL32.DLL+0x2e8d7]
C  [ntdll.dll+0x8d9c]


---------------  P R O C E S S  ---------------

Threads class SMR info:
_java_thread_list=0x00007ffa1d1389d8, length=0, elements={
}

Java Threads: ( => current thread )

Other Threads:
  0x000001436c863580 GCTaskThread "GC Thread#0" [stack: 0x000000372f400000,0x000000372f500000] [id=23680]
  0x000001436c875fe0 ConcurrentGCThread "G1 Main Marker" [stack: 0x000000372f500000,0x000000372f600000] [id=34736]
  0x000001436c877190 ConcurrentGCThread "G1 Conc#0" [stack: 0x000000372f600000,0x000000372f700000] [id=17540]

[error occurred during error reporting (printing all threads), id 0xc0000005, EXCEPTION_ACCESS_VIOLATION (0xc0000005) at pc=0x00007ffa1c96b2d7]

VM state: not at safepoint (not fully initialized)

VM Mutex/Monitor currently owned by a thread:  ([mutex/lock_event])
[0x000001436c7f1f70] Heap_lock - owner thread: 0x000001436c7f6cf0

Heap address: 0x0000000703a00000, size: 4038 MB, Compressed Oops mode: Zero based, Oop shift amount: 3

CDS archive(s) mapped at: [0x0000000000000000-0x0000000000000000-0x0000000000000000), size 0, SharedBaseAddress: 0x0000000800000000, ArchiveRelocationMode: 1.
Narrow klass base: 0x0000000000000000, Narrow klass shift: 0, Narrow klass range: 0x0

GC Precious Log:
<Empty>

Heap:
 garbage-first heap   total 0K, used 0K [0x0000000703a00000, 0x0000000800000000)
  region size 2048K, 0 young (0K), 0 survivors (0K)

[error occurred during error reporting (printing heap information), id 0xc0000005, EXCEPTION_ACCESS_VIOLATION (0xc0000005) at pc=0x00007ffa1cd52229]

GC Heap History (0 events):
No events

Deoptimization events (0 events):
No events

Classes unloaded (0 events):
No events

Classes redefined (0 events):
No events

Internal exceptions (0 events):
No events

VM Operations (0 events):
No events

Events (1 events):
Event: 0.008 Loaded shared library C:\Program Files\Java\jdk-17\bin\java.dll


Dynamic libraries:
0x00007ff6e4120000 - 0x00007ff6e4130000 	C:\Program Files\Java\jdk-17\bin\java.exe
0x00007ffab2760000 - 0x00007ffab29c9000 	C:\WINDOWS\SYSTEM32\ntdll.dll
0x00007ffab1bf0000 - 0x00007ffab1cb9000 	C:\WINDOWS\System32\KERNEL32.DLL
0x00007ffaafd00000 - 0x00007ffab00f3000 	C:\WINDOWS\System32\KERNELBASE.dll
0x00007ffaafbb0000 - 0x00007ffaafcfb000 	C:\WINDOWS\System32\ucrtbase.dll
0x00007ffaa8c90000 - 0x00007ffaa8ca9000 	C:\Program Files\Java\jdk-17\bin\jli.dll
0x00007ffab1500000 - 0x00007ffab15b4000 	C:\WINDOWS\System32\ADVAPI32.dll
0x00007ffab20a0000 - 0x00007ffab2149000 	C:\WINDOWS\System32\msvcrt.dll
0x00007ffab1fd0000 - 0x00007ffab2076000 	C:\WINDOWS\System32\sechost.dll
0x00007ffab15c0000 - 0x00007ffab16d8000 	C:\WINDOWS\System32\RPCRT4.dll
0x00007ffab22a0000 - 0x00007ffab2464000 	C:\WINDOWS\System32\USER32.dll
0x00007ffab0100000 - 0x00007ffab0127000 	C:\WINDOWS\System32\win32u.dll
0x00007ffab17c0000 - 0x00007ffab17eb000 	C:\WINDOWS\System32\GDI32.dll
0x00007ffab0290000 - 0x00007ffab03bd000 	C:\WINDOWS\System32\gdi32full.dll
0x00007ffaaf8f0000 - 0x00007ffaaf993000 	C:\WINDOWS\System32\msvcp_win.dll
0x00007ffa91440000 - 0x00007ffa9145b000 	C:\Program Files\Java\jdk-17\bin\VCRUNTIME140.dll
0x00007ffa8f510000 - 0x00007ffa8f7a3000 	C:\WINDOWS\WinSxS\amd64_microsoft.windows.common-controls_6595b64144ccf1df_6.0.26100.5074_none_3e0d6f78e32fd63f\COMCTL32.dll
0x00007ffaa5050000 - 0x00007ffaa505b000 	C:\WINDOWS\SYSTEM32\VERSION.dll
0x00007ffab0e40000 - 0x00007ffab0e6f000 	C:\WINDOWS\System32\IMM32.DLL
0x00007ffa8a740000 - 0x00007ffa8a89c000 	C:\Program Files (x86)\Citrix\ICA Client\ctxapclient64.dll
0x00007ffab1870000 - 0x00007ffab1beb000 	C:\WINDOWS\System32\combase.dll
0x00007ffaaf7e0000 - 0x00007ffaaf806000 	C:\WINDOWS\SYSTEM32\bcrypt.dll
0x00007ffaae7f0000 - 0x00007ffaae826000 	C:\WINDOWS\SYSTEM32\ntmarta.dll
0x000001436a5d0000 - 0x000001436a669000 	C:\WINDOWS\System32\bcryptprimitives.dll
0x00007ffaa8c60000 - 0x00007ffaa8c6c000 	C:\Program Files\Java\jdk-17\bin\vcruntime140_1.dll
0x00007ffa8f0e0000 - 0x00007ffa8f16e000 	C:\Program Files\Java\jdk-17\bin\msvcp140.dll
0x00007ffa1c680000 - 0x00007ffa1d261000 	C:\Program Files\Java\jdk-17\bin\server\jvm.dll
0x00007ffab2080000 - 0x00007ffab2088000 	C:\WINDOWS\System32\PSAPI.DLL
0x00007ffa8c650000 - 0x00007ffa8c65a000 	C:\WINDOWS\SYSTEM32\WSOCK32.dll
0x00007ffab2220000 - 0x00007ffab2294000 	C:\WINDOWS\System32\WS2_32.dll
0x00007ffa92340000 - 0x00007ffa92375000 	C:\WINDOWS\SYSTEM32\WINMM.dll
0x00007ffaae6d0000 - 0x00007ffaae6eb000 	C:\WINDOWS\SYSTEM32\kernel.appcore.dll
0x00007ffaa8b60000 - 0x00007ffaa8b6a000 	C:\Program Files\Java\jdk-17\bin\jimage.dll
0x00007ffaac9c0000 - 0x00007ffaacc02000 	C:\WINDOWS\SYSTEM32\DBGHELP.DLL
0x00007ffab16e0000 - 0x00007ffab17b7000 	C:\WINDOWS\System32\OLEAUT32.dll
0x00007ffa8b6d0000 - 0x00007ffa8b70d000 	C:\WINDOWS\SYSTEM32\dbgcore.DLL
0x00007ffaa8b10000 - 0x00007ffaa8b1e000 	C:\Program Files\Java\jdk-17\bin\instrument.dll
0x00007ffa8b260000 - 0x00007ffa8b285000 	C:\Program Files\Java\jdk-17\bin\java.dll

dbghelp: loaded successfully - version: 4.0.5 - missing functions: none
symbol engine: initialized successfully - sym options: 0x614 - pdb path: .;C:\Program Files\Java\jdk-17\bin;C:\WINDOWS\SYSTEM32;C:\WINDOWS\WinSxS\amd64_microsoft.windows.common-controls_6595b64144ccf1df_6.0.26100.5074_none_3e0d6f78e32fd63f;C:\Program Files (x86)\Citrix\ICA Client;C:\Program Files\Java\jdk-17\bin\server

VM Arguments:
jvm_args: -XX:TieredStopAtLevel=1 -Dspring.output.ansi.enabled=always -Dcom.sun.management.jmxremote -Dspring.jmx.enabled=true -Dspring.liveBeansView.mbeanDomain -Dspring.application.admin.enabled=true -Dmanagement.endpoints.jmx.exposure.include=* -javaagent:C:\Program Files\JetBrains\IntelliJ IDEA 2025.1.3\lib\idea_rt.jar=57233 -Dfile.encoding=UTF-8 
java_command: com.ecommerce.configserver.ConfigServerApplication
java_class_path (initial): D:\e-commerce-app\services\config-server\target\classes;C:\Users\admin\.m2\repository\org\springframework\cloud\spring-cloud-config-server\4.3.0\spring-cloud-config-server-4.3.0.jar;C:\Users\admin\.m2\repository\org\springframework\cloud\spring-cloud-config-client\4.3.0\spring-cloud-config-client-4.3.0.jar;C:\Users\admin\.m2\repository\org\springframework\boot\spring-boot-autoconfigure\3.5.6\spring-boot-autoconfigure-3.5.6.jar;C:\Users\admin\.m2\repository\org\springframework\cloud\spring-cloud-starter\4.3.0\spring-cloud-starter-4.3.0.jar;C:\Users\admin\.m2\repository\org\springframework\cloud\spring-cloud-context\4.3.0\spring-cloud-context-4.3.0.jar;C:\Users\admin\.m2\repository\org\springframework\cloud\spring-cloud-commons\4.3.0\spring-cloud-commons-4.3.0.jar;C:\Users\admin\.m2\repository\org\bouncycastle\bcprov-jdk18on\1.80\bcprov-jdk18on-1.80.jar;C:\Users\admin\.m2\repository\org\springframework\spring-web\6.2.11\spring-web-6.2.11.jar;C:\Users\admin\.m2\repository\org\springframework\spring-beans\6.2.11\spring-beans-6.2.11.jar;C:\Users\admin\.m2\repository\com\fasterxml\jackson\core\jackson-annotations\2.19.2\jackson-annotations-2.19.2.jar;C:\Users\admin\.m2\repository\com\fasterxml\jackson\core\jackson-databind\2.19.2\jackson-databind-2.19.2.jar;C:\Users\admin\.m2\repository\io\micrometer\micrometer-observation\1.15.4\micrometer-observation-1.15.4.jar;C:\Users\admin\.m2\repository\io\micrometer\micrometer-commons\1.15.4\micrometer-commons-1.15.4.jar;C:\Users\admin\.m2\repository\org\springframework\boot\spring-boot-starter-web\3.5.6\spring-boot-starter-web-3.5.6.jar;C:\Users\admin\.m2\repository\org\springframework\boot\spring-boot-starter-json\3.5.6\spring-boot-starter-json-3.5.6.jar;C:\Users\admin\.m2\repository\com\fasterxml\jackson\datatype\jackson-datatype-jdk8\2.19.2\jackson-datatype-jdk8-2.19.2.jar;C:\Users\admin\.m2\repository\com\fasterxml\jackson\datatype\jackson-datatype-jsr310\2.19.2\jackson-datatype-jsr310-2.19.2.jar;C
Launcher Type: SUN_STANDARD

[Global flags]
     intx CICompilerCount                          = 4                                         {product} {ergonomic}
     uint ConcGCThreads                            = 2                                         {product} {ergonomic}
     uint G1ConcRefinementThreads                  = 8                                         {product} {ergonomic}
   size_t G1HeapRegionSize                         = 2097152                                   {product} {ergonomic}
    uintx GCDrainStackTargetSize                   = 64                                        {product} {ergonomic}
   size_t InitialHeapSize                          = 266338304                                 {product} {ergonomic}
     bool ManagementServer                         = true                                      {product} {command line}
   size_t MarkStackSize                            = 4194304                                   {product} {ergonomic}
   size_t MaxHeapSize                              = 4234149888                                {product} {ergonomic}
   size_t MinHeapDeltaBytes                        = 2097152                                   {product} {ergonomic}
   size_t MinHeapSize                              = 8388608                                   {product} {ergonomic}
    uintx NonProfiledCodeHeapSize                  = 0                                      {pd product} {ergonomic}
     bool ProfileInterpreter                       = false                                  {pd product} {command line}
    uintx ProfiledCodeHeapSize                     = 0                                      {pd product} {ergonomic}
   size_t SoftMaxHeapSize                          = 4234149888                             {manageable} {ergonomic}
     intx TieredStopAtLevel                        = 1                                         {product} {command line}
     bool UseCompressedClassPointers               = true                           {product lp64_product} {ergonomic}
     bool UseCompressedOops                        = true                           {product lp64_product} {ergonomic}
     bool UseG1GC                                  = true                                      {product} {ergonomic}
     bool UseLargePagesIndividualAllocation        = false                                  {pd product} {ergonomic}

Logging:
Log output configuration:
 #0: stdout all=warning uptime,level,tags
 #1: stderr all=off uptime,level,tags

Environment Variables:
JAVA_HOME=C:\Program Files\Java\jdk-17.0.9
PATH=C:\Users\admin\AppData\Local\Programs\Python\Python313\Scripts\;C:\Users\admin\AppData\Local\Programs\Python\Python313\;C:\Program Files\Common Files\Oracle\Java\javapath;C:\oraclexe\app\oracle\product\11.2.0\server\bin;C:\WINDOWS\system32;C:\WINDOWS;C:\WINDOWS\System32\Wbem;C:\WINDOWS\System32\WindowsPowerShell\v1.0\;C:\WINDOWS\System32\OpenSSH\;C:\Program Files\Java\jdk1.8.0_151\bin;C:\Program Files\gradle-7.3\bin;C:\MinGW\bin;C:\Program Files\apache-maven-3.9.6\bin;C:\Program Files\HP\HP One Agent;C:\Program Files\PuTTY\;C:\WINDOWS\system32;C:\WINDOWS;C:\WINDOWS\System32\Wbem;C:\WINDOWS\System32\WindowsPowerShell\v1.0\;C:\WINDOWS\System32\OpenSSH\;C:\Program Files\Git\cmd;C:\ProgramData\chocolatey\bin;C:\Program Files\nodejs\;C:\Program Files\Docker\Docker\resources\bin;C:\Users\admin\AppData\Local\Microsoft\WindowsApps;C:\Users\admin\AppData\Local\Programs\Microsoft VS Code\bin;C:\Users\admin\AppData\Local\GitHubDesktop\bin;C:\ProgramData\Anaconda3;C:\ProgramData\Anaconda3\Library\mingw-w64\bin;C:\ProgramData\Anaconda3\Library\usr\bin;C:\ProgramData\Anaconda3\Library\bin;C:\ProgramData\Anaconda3\Scripts;C:\Users\admin\AppData\Roaming\npm;C:\Program Files\MongoDB\Server\8.2\bin;C:\Program Files\mongosh\
USERNAME=admin
OS=Windows_NT
PROCESSOR_IDENTIFIER=Intel64 Family 6 Model 140 Stepping 1, GenuineIntel



---------------  S Y S T E M  ---------------

OS:
 Windows 11 , 64 bit Build 26100 (10.0.26100.5074)
OS uptime: 2 days 17:30 hours
Hyper-V role detected

CPU: total 8 (initial active 8) (4 cores per cpu, 2 threads per core) family 6 model 140 stepping 1 microcode 0x9a, cx8, cmov, fxsr, ht, mmx, 3dnowpref, sse, sse2, sse3, ssse3, sse4.1, sse4.2, popcnt, lzcnt, tsc, tscinvbit, avx, avx2, aes, erms, clmul, bmi1, bmi2, adx, avx512f, avx512dq, avx512cd, avx512bw, avx512vl, sha, fma, vzeroupper, avx512_vpopcntdq, avx512_vpclmulqdq, avx512_vaes, avx512_vnni, clflush, clflushopt, clwb, avx512_vbmi2, avx512_vbmi, hv

Memory: 4k page, system-wide physical 16149M (1049M free)
TotalPageFile size 25554M (AvailPageFile size 33M)
current process WorkingSet (physical memory assigned to process): 14M, peak: 14M
current process commit charge ("private bytes"): 56M, peak: 310M

vm_info: Java HotSpot(TM) 64-Bit Server VM (17.0.9+11-LTS-201) for windows-amd64 JRE (17.0.9+11-LTS-201), built on Oct 10 2023 23:16:06 by "mach5one" with MS VC++ 17.1 (VS2022)

END.
